<?xml version="1.0" encoding="UTF-8"?>
<!-- Generated by org.testng.reporters.JUnitReportReporter -->
<testsuite skipped="0" hostname="DESKTOP-5AUP4GQ" name="com.revature.scramble.SeleniumTestRunner" tests="2" failures="0" timestamp="2022-06-27T14:11:17 EDT" time="6.601" errors="0">
  <testcase name="feature" time="2.585" classname="com.revature.scramble.SeleniumTestRunner"/>
  <system-out/>
  <testcase name="runScenario" time="4.016" classname="com.revature.scramble.SeleniumTestRunner"/>
  <system-out/>
</testsuite> <!-- com.revature.scramble.SeleniumTestRunner -->
