<?xml version="1.0" encoding="UTF-8"?>
<!-- Generated by org.testng.reporters.JUnitReportReporter -->
<testsuite skipped="0" hostname="DESKTOP-5AUP4GQ" name="com.revature.scramble.RepositoryTest" tests="5" failures="0" timestamp="2022-06-27T19:53:53 EDT" time="1.892" errors="0">
  <testcase name="testLoginInfoDao" time="0.191" classname="com.revature.scramble.RepositoryTest"/>
  <system-out/>
  <testcase name="testGetConnection" time="0.000" classname="com.revature.scramble.RepositoryTest"/>
  <system-out/>
  <testcase name="testEntryDAO" time="1.034" classname="com.revature.scramble.RepositoryTest"/>
  <system-out/>
  <testcase name="testUserInfoDao" time="0.421" classname="com.revature.scramble.RepositoryTest"/>
  <system-out/>
  <testcase name="testListingDao" time="0.246" classname="com.revature.scramble.RepositoryTest"/>
  <system-out/>
</testsuite> <!-- com.revature.scramble.RepositoryTest -->
