<?xml version="1.0" encoding="UTF-8"?>
<!-- Generated by org.testng.reporters.JUnitReportReporter -->
<testsuite skipped="0" hostname="DESKTOP-5AUP4GQ" name="com.revature.scramble.RepositoryTest" tests="4" failures="0" timestamp="2022-06-24T16:37:13 EDT" time="1.695" errors="0">
  <testcase name="testLoginInfoDao" time="0.163" classname="com.revature.scramble.RepositoryTest"/>
  <system-out/>
  <testcase name="testEntryDAO" time="0.953" classname="com.revature.scramble.RepositoryTest"/>
  <system-out/>
  <testcase name="testUserInfoDao" time="0.373" classname="com.revature.scramble.RepositoryTest"/>
  <system-out/>
  <testcase name="testListingDao" time="0.206" classname="com.revature.scramble.RepositoryTest"/>
  <system-out/>
</testsuite> <!-- com.revature.scramble.RepositoryTest -->
