<?xml version="1.0" encoding="UTF-8"?>
<!-- Generated by org.testng.reporters.JUnitReportReporter -->
<testsuite skipped="0" hostname="DESKTOP-5AUP4GQ" name="com.revature.scramble.RepositoryTest" tests="5" failures="0" timestamp="2022-06-27T11:05:08 EDT" time="1.790" errors="0">
  <testcase name="testLoginInfoDao" time="0.179" classname="com.revature.scramble.RepositoryTest"/>
  <system-out/>
  <testcase name="testListingDao" time="0.217" classname="com.revature.scramble.RepositoryTest"/>
  <system-out/>
  <testcase name="testEntryDAO" time="0.988" classname="com.revature.scramble.RepositoryTest"/>
  <system-out/>
  <testcase name="testGetConnection" time="0.000" classname="com.revature.scramble.RepositoryTest"/>
  <system-out/>
  <testcase name="testUserInfoDao" time="0.406" classname="com.revature.scramble.RepositoryTest"/>
  <system-out/>
</testsuite> <!-- com.revature.scramble.RepositoryTest -->
