<?xml version="1.0" encoding="UTF-8"?>
<!-- Generated by org.testng.reporters.JUnitReportReporter -->
<testsuite skipped="0" hostname="DESKTOP-5AUP4GQ" name="com.revature.scramble.ServiceTest" tests="1" failures="0" timestamp="2022-06-27T19:53:53 EDT" time="0.016" errors="0">
  <testcase name="testAccountService" time="0.016" classname="com.revature.scramble.ServiceTest"/>
  <system-out/>
</testsuite> <!-- com.revature.scramble.ServiceTest -->
