<?xml version="1.0" encoding="UTF-8"?>
<!-- Generated by org.testng.reporters.JUnitReportReporter -->
<testsuite skipped="0" hostname="DESKTOP-5AUP4GQ" name="com.revature.scramble.SeleniumTestRunner" tests="4" failures="0" timestamp="2022-06-27T19:53:53 EDT" time="10.747" errors="0">
  <testcase name="runScenario" time="3.701" classname="com.revature.scramble.SeleniumTestRunner"/>
  <system-out/>
  <testcase name="feature" time="2.266" classname="com.revature.scramble.SeleniumTestRunner"/>
  <system-out/>
  <testcase name="feature" time="2.437" classname="com.revature.scramble.SeleniumTestRunner"/>
  <system-out/>
  <testcase name="runScenario" time="2.343" classname="com.revature.scramble.SeleniumTestRunner"/>
  <system-out/>
</testsuite> <!-- com.revature.scramble.SeleniumTestRunner -->
