<?xml version="1.0" encoding="UTF-8"?>
<!-- Generated by org.testng.reporters.JUnitReportReporter -->
<testsuite skipped="0" hostname="DESKTOP-5AUP4GQ" name="com.revature.scramble.BasicTest" tests="1" failures="0" timestamp="2022-06-24T16:37:13 EDT" time="0.006" errors="0">
  <testcase name="testBasicTest" time="0.006" classname="com.revature.scramble.BasicTest"/>
  <system-out/>
</testsuite> <!-- com.revature.scramble.BasicTest -->
