<?xml version="1.0" encoding="UTF-8"?>
<!-- Generated by org.testng.reporters.JUnitReportReporter -->
<testsuite skipped="0" hostname="DESKTOP-5AUP4GQ" name="com.revature.scramble.RepositoryTest" tests="5" failures="0" timestamp="2022-06-27T14:11:17 EDT" time="1.854" errors="0">
  <testcase name="testLoginInfoDao" time="0.196" classname="com.revature.scramble.RepositoryTest"/>
  <system-out/>
  <testcase name="testEntryDAO" time="1.008" classname="com.revature.scramble.RepositoryTest"/>
  <system-out/>
  <testcase name="testListingDao" time="0.248" classname="com.revature.scramble.RepositoryTest"/>
  <system-out/>
  <testcase name="testUserInfoDao" time="0.402" classname="com.revature.scramble.RepositoryTest"/>
  <system-out/>
  <testcase name="testGetConnection" time="0.000" classname="com.revature.scramble.RepositoryTest"/>
  <system-out/>
</testsuite> <!-- com.revature.scramble.RepositoryTest -->
